<testsuite errors="0" failures="0" name="nose2-junit" skipped="0" tests="12" time="10.349">
  <testcase classname="test_indicator.TestIndicatorModule" name="test_execute_validity" time="0.245627">
    <system-out />
  </testcase>
  <testcase classname="test_event.TestEventModule" name="test_log_event_data_set" time="0.082911">
    <system-out />
  </testcase>
  <testcase classname="test_event.TestEventModule" name="test_log_event_error" time="1.153041">
    <system-out />
  </testcase>
  <testcase classname="test_event.TestEventModule" name="test_log_event_session_start" time="1.118438">
    <system-out />
  </testcase>
  <testcase classname="test_event.TestEventModule" name="test_log_event_session_stop" time="1.174809">
    <system-out />
  </testcase>
  <testcase classname="test_batch.TestBatchModule" name="test_log_batch_batch_start" time="0.029783">
    <system-out />
  </testcase>
  <testcase classname="test_batch.TestBatchModule" name="test_log_batch_batch_stop" time="1.095025">
    <system-out />
  </testcase>
  <testcase classname="test_batch.TestBatchModule" name="test_log_batch_error" time="1.091257">
    <system-out />
  </testcase>
  <testcase classname="test_database.TestDatabaseModule" name="test_create_batch_owner" time="0.011525">
    <system-out />
  </testcase>
  <testcase classname="test_database.TestDatabaseModule" name="test_delete_batch_owner" time="1.055569">
    <system-out />
  </testcase>
  <testcase classname="test_database.TestDatabaseModule" name="test_read_batch_owner" time="1.030588">
    <system-out />
  </testcase>
  <testcase classname="test_database.TestDatabaseModule" name="test_update_batch_owner" time="2.073299">
    <system-out />
  </testcase>
</testsuite>
