<testsuite errors="0" failures="0" name="nose2-junit" skipped="0" tests="12" time="9.242">
  <testcase classname="test_indicator.TestIndicatorModule" name="test_execute_validity" time="0.226220">
    <system-out />
  </testcase>
  <testcase classname="test_event.TestEventModule" name="test_log_event_data_set" time="0.090514">
    <system-out />
  </testcase>
  <testcase classname="test_event.TestEventModule" name="test_log_event_error" time="1.150183">
    <system-out />
  </testcase>
  <testcase classname="test_event.TestEventModule" name="test_log_event_session_start" time="1.123055">
    <system-out />
  </testcase>
  <testcase classname="test_event.TestEventModule" name="test_log_event_session_stop" time="0.107215">
    <system-out />
  </testcase>
  <testcase classname="test_batch.TestBatchModule" name="test_log_batch_batch_start" time="0.027270">
    <system-out />
  </testcase>
  <testcase classname="test_batch.TestBatchModule" name="test_log_batch_batch_stop" time="1.088507">
    <system-out />
  </testcase>
  <testcase classname="test_batch.TestBatchModule" name="test_log_batch_error" time="1.074275">
    <system-out />
  </testcase>
  <testcase classname="test_database.TestDatabaseModule" name="test_create_batch_owner" time="0.009500">
    <system-out />
  </testcase>
  <testcase classname="test_database.TestDatabaseModule" name="test_delete_batch_owner" time="1.070667">
    <system-out />
  </testcase>
  <testcase classname="test_database.TestDatabaseModule" name="test_read_batch_owner" time="1.041455">
    <system-out />
  </testcase>
  <testcase classname="test_database.TestDatabaseModule" name="test_update_batch_owner" time="2.065530">
    <system-out />
  </testcase>
</testsuite>
